<?xml version="1.0" encoding="UTF-8"?>
<!-- Generated by org.testng.reporters.JUnitXMLReporter -->
<testsuite ignored="0" hostname="DESKTOP-TFUFUVK" failures="1" tests="5" name="Test" time="22.628" errors="0" timestamp="2024-02-19T21:30:30 IST">
  <testcase classname="testObjects.LoginErrorValidationTest" name="loginErrorValidation" time="0.284"/>
  <testcase classname="testObjects.SubmitOrderTest" name="submitOrder" time="4.075"/>
  <testcase classname="testObjects.SubmitOrderTest" name="submitOrder" time="4.032"/>
  <testcase classname="testObjects.SubmitOrderTest" name="submitOrder" time="3.967"/>
  <testcase classname="testObjects.OrderHistoryValidationTest" name="orderHistoryValidation" time="0.001">
    <failure type="org.testng.internal.reflect.MethodMatcherException" message="
[public void testObjects.OrderHistoryValidationTest.orderHistoryValidation(java.lang.String,java.lang.String)] has no parameters defined but was found to be using a data provider (either explicitly specified or inherited from class level annotation).
Data provider mismatch
Method: orderHistoryValidation([java.lang.String arg0, java.lang.String arg1])
Arguments: [(java.lang.String) anshika@gmail.com,(java.lang.String) Iamking@000,(java.lang.String) ADIDAS ORIGINAL]">
      <![CDATA[org.testng.internal.reflect.MethodMatcherException: 
[public void testObjects.OrderHistoryValidationTest.orderHistoryValidation(java.lang.String,java.lang.String)] has no parameters defined but was found to be using a data provider (either explicitly specified or inherited from class level annotation).
Data provider mismatch
Method: orderHistoryValidation([java.lang.String arg0, java.lang.String arg1])
Arguments: [(java.lang.String) anshika@gmail.com,(java.lang.String) Iamking@000,(java.lang.String) ADIDAS ORIGINAL]
at java.base/java.util.ArrayList.forEach(ArrayList.java:1511)
... Removed 22 stack frames]]>
    </failure>
  </testcase> <!-- orderHistoryValidation -->
</testsuite> <!-- Test -->
