<?xml version="1.0" encoding="UTF-8"?>
<!-- Generated by org.testng.reporters.JUnitXMLReporter -->
<testsuite ignored="0" hostname="DESKTOP-TFUFUVK" failures="1" tests="1" name="Login Error Message Test" time="3.508" errors="0" timestamp="2024-02-26T08:35:25 IST">
  <testcase classname="testObjects.LoginErrorValidationTest" name="loginErrorValidation" time="0.47">
    <failure type="java.lang.AssertionError" message="Login Error Message Validation Failed.  expected [Incorrect email or password.] but found [Login Successfully]">
      <![CDATA[java.lang.AssertionError: Login Error Message Validation Failed.  expected [Incorrect email or password.] but found [Login Successfully]
at testObjects.LoginErrorValidationTest.loginErrorValidation(LoginErrorValidationTest.java:16)
at java.base/java.util.ArrayList.forEach(ArrayList.java:1511)
at java.base/java.util.concurrent.FutureTask.run(FutureTask.java:317)
at java.base/java.util.concurrent.ThreadPoolExecutor.runWorker(ThreadPoolExecutor.java:1144)
at java.base/java.util.concurrent.ThreadPoolExecutor$Worker.run(ThreadPoolExecutor.java:642)
at java.base/java.lang.Thread.run(Thread.java:1623)
... Removed 20 stack frames]]>
    </failure>
  </testcase> <!-- loginErrorValidation -->
</testsuite> <!-- Login Error Message Test -->
