<?xml version="1.0" encoding="UTF-8"?>
<!-- Generated by org.testng.reporters.JUnitXMLReporter -->
<testsuite ignored="0" hostname="DESKTOP-TFUFUVK" failures="0" tests="6" name="Submit Order Test" time="49.262" errors="0" timestamp="2024-02-26T08:36:10 IST">
  <testcase classname="testObjects.SubmitOrderTest" name="submitOrder" time="10.747"/>
  <testcase classname="testObjects.SubmitOrderTest" name="submitOrder" time="10.601"/>
  <testcase classname="testObjects.SubmitOrderTest" name="submitOrder" time="10.601"/>
  <testcase classname="testObjects.SubmitOrderTest" name="orderHistoryValidation" time="0.63"/>
  <testcase classname="testObjects.SubmitOrderTest" name="orderHistoryValidation" time="0.611"/>
  <testcase classname="testObjects.SubmitOrderTest" name="orderHistoryValidation" time="0.62"/>
</testsuite> <!-- Submit Order Test -->
