<?xml version="1.0" encoding="UTF-8"?>
<!-- Generated by org.testng.reporters.JUnitXMLReporter -->
<testsuite ignored="0" hostname="DESKTOP-TFUFUVK" failures="0" tests="6" name="Submit Order Test" time="48.968" errors="0" timestamp="2024-02-26T08:52:37 IST">
  <testcase classname="testObjects.SubmitOrderTest" name="submitOrder" time="10.796"/>
  <testcase classname="testObjects.SubmitOrderTest" name="submitOrder" time="10.602"/>
  <testcase classname="testObjects.SubmitOrderTest" name="submitOrder" time="10.501"/>
  <testcase classname="testObjects.SubmitOrderTest" name="orderHistoryValidation" time="0.606"/>
  <testcase classname="testObjects.SubmitOrderTest" name="orderHistoryValidation" time="0.634"/>
  <testcase classname="testObjects.SubmitOrderTest" name="orderHistoryValidation" time="0.59"/>
</testsuite> <!-- Submit Order Test -->
