<?xml version="1.0" encoding="UTF-8"?>
<!-- Generated by org.testng.reporters.JUnitXMLReporter -->
<testsuite ignored="0" hostname="DESKTOP-TFUFUVK" failures="0" tests="7" name="Test" time="29.312" errors="0" timestamp="2024-02-21T20:25:00 IST">
  <testcase classname="testObjects.LoginErrorValidationTest" name="loginErrorValidation" time="0.261"/>
  <testcase classname="testObjects.SubmitOrderTest" name="submitOrder" time="4.053"/>
  <testcase classname="testObjects.SubmitOrderTest" name="submitOrder" time="3.95"/>
  <testcase classname="testObjects.SubmitOrderTest" name="submitOrder" time="4.014"/>
  <testcase classname="testObjects.SubmitOrderTest" name="orderHistoryValidation" time="0.579"/>
  <testcase classname="testObjects.SubmitOrderTest" name="orderHistoryValidation" time="0.588"/>
  <testcase classname="testObjects.SubmitOrderTest" name="orderHistoryValidation" time="0.6"/>
</testsuite> <!-- Test -->
