<?xml version="1.0" encoding="UTF-8"?>
<!-- Generated by org.testng.reporters.JUnitXMLReporter -->
<testsuite ignored="0" hostname="DESKTOP-TFUFUVK" failures="0" tests="7" name="Test" time="29.311" errors="0" timestamp="2024-02-21T14:57:19 IST">
  <testcase classname="testObjects.LoginErrorValidationTest" name="loginErrorValidation" time="0.278"/>
  <testcase classname="testObjects.SubmitOrderTest" name="submitOrder" time="4.071"/>
  <testcase classname="testObjects.SubmitOrderTest" name="submitOrder" time="4.201"/>
  <testcase classname="testObjects.SubmitOrderTest" name="submitOrder" time="4.052"/>
  <testcase classname="testObjects.SubmitOrderTest" name="orderHistoryValidation" time="0.614"/>
  <testcase classname="testObjects.SubmitOrderTest" name="orderHistoryValidation" time="0.626"/>
  <testcase classname="testObjects.SubmitOrderTest" name="orderHistoryValidation" time="0.618"/>
</testsuite> <!-- Test -->
