<?xml version="1.0" encoding="UTF-8"?>
<testng-results ignored="0" total="7" passed="7" failed="0" skipped="0">
  <reporter-output>
  </reporter-output>
  <suite started-at="2024-02-26T08:51:48 IST" name="Suite" finished-at="2024-02-26T08:52:37 IST" duration-ms="48968">
    <groups>
    </groups>
    <test started-at="2024-02-26T08:51:48 IST" name="Login Error Message Test" finished-at="2024-02-26T08:51:51 IST" duration-ms="2872">
      <class name="testObjects.LoginErrorValidationTest">
        <test-method is-config="true" signature="launchApplication()[pri:0, instance:testObjects.LoginErrorValidationTest@5dafbe45]" started-at="2024-02-26T08:51:48 IST" name="launchApplication" finished-at="2024-02-26T08:51:51 IST" duration-ms="2411" status="PASS">
          <reporter-output>
          </reporter-output>
        </test-method> <!-- launchApplication -->
        <test-method signature="loginErrorValidation()[pri:0, instance:testObjects.LoginErrorValidationTest@5dafbe45]" started-at="2024-02-26T08:51:51 IST" name="loginErrorValidation" finished-at="2024-02-26T08:51:51 IST" duration-ms="340" status="PASS">
          <reporter-output>
          </reporter-output>
        </test-method> <!-- loginErrorValidation -->
        <test-method is-config="true" signature="closeApplication()[pri:0, instance:testObjects.LoginErrorValidationTest@5dafbe45]" started-at="2024-02-26T08:51:51 IST" name="closeApplication" finished-at="2024-02-26T08:51:51 IST" duration-ms="90" status="PASS">
          <reporter-output>
          </reporter-output>
        </test-method> <!-- closeApplication -->
      </class> <!-- testObjects.LoginErrorValidationTest -->
    </test> <!-- Login Error Message Test -->
    <test started-at="2024-02-26T08:51:48 IST" name="Submit Order Test" finished-at="2024-02-26T08:52:37 IST" duration-ms="48968">
      <class name="testObjects.SubmitOrderTest">
        <test-method is-config="true" signature="launchApplication()[pri:0, instance:testObjects.SubmitOrderTest@239a307b]" started-at="2024-02-26T08:51:48 IST" name="launchApplication" finished-at="2024-02-26T08:51:51 IST" duration-ms="2256" status="PASS">
          <reporter-output>
          </reporter-output>
        </test-method> <!-- launchApplication -->
        <test-method signature="submitOrder(java.util.HashMap)[pri:0, instance:testObjects.SubmitOrderTest@239a307b]" started-at="2024-02-26T08:51:51 IST" name="submitOrder" data-provider="getData" finished-at="2024-02-26T08:52:01 IST" duration-ms="10796" status="PASS">
          <params>
            <param index="0">
              <value>
                <![CDATA[{userId=anshika@gmail.com, password=Iamking@000, productName=ZARA COAT 3}]]>
              </value>
            </param>
          </params>
          <reporter-output>
          </reporter-output>
        </test-method> <!-- submitOrder -->
        <test-method is-config="true" signature="closeApplication()[pri:0, instance:testObjects.SubmitOrderTest@239a307b]" started-at="2024-02-26T08:52:01 IST" name="closeApplication" finished-at="2024-02-26T08:52:02 IST" duration-ms="387" status="PASS">
          <reporter-output>
          </reporter-output>
        </test-method> <!-- closeApplication -->
        <test-method is-config="true" signature="launchApplication()[pri:0, instance:testObjects.SubmitOrderTest@239a307b]" started-at="2024-02-26T08:52:02 IST" name="launchApplication" finished-at="2024-02-26T08:52:04 IST" duration-ms="1977" status="PASS">
          <reporter-output>
          </reporter-output>
        </test-method> <!-- launchApplication -->
        <test-method signature="submitOrder(java.util.HashMap)[pri:0, instance:testObjects.SubmitOrderTest@239a307b]" started-at="2024-02-26T08:52:04 IST" name="submitOrder" data-provider="getData" finished-at="2024-02-26T08:52:14 IST" duration-ms="10602" status="PASS">
          <params>
            <param index="0">
              <value>
                <![CDATA[{userId=satishraja@gmail.com, password=Raja1234, productName=ADIDAS ORIGINAL}]]>
              </value>
            </param>
          </params>
          <reporter-output>
          </reporter-output>
        </test-method> <!-- submitOrder -->
        <test-method is-config="true" signature="closeApplication()[pri:0, instance:testObjects.SubmitOrderTest@239a307b]" started-at="2024-02-26T08:52:14 IST" name="closeApplication" finished-at="2024-02-26T08:52:14 IST" duration-ms="108" status="PASS">
          <reporter-output>
          </reporter-output>
        </test-method> <!-- closeApplication -->
        <test-method is-config="true" signature="launchApplication()[pri:0, instance:testObjects.SubmitOrderTest@239a307b]" started-at="2024-02-26T08:52:14 IST" name="launchApplication" finished-at="2024-02-26T08:52:18 IST" duration-ms="3279" status="PASS">
          <reporter-output>
          </reporter-output>
        </test-method> <!-- launchApplication -->
        <test-method signature="submitOrder(java.util.HashMap)[pri:0, instance:testObjects.SubmitOrderTest@239a307b]" started-at="2024-02-26T08:52:18 IST" name="submitOrder" data-provider="getData" finished-at="2024-02-26T08:52:28 IST" duration-ms="10501" status="PASS">
          <params>
            <param index="0">
              <value>
                <![CDATA[{userId=chittyraja@gmail.com, password=Test1234, productName=IPHONE 13 PRO}]]>
              </value>
            </param>
          </params>
          <reporter-output>
          </reporter-output>
        </test-method> <!-- submitOrder -->
        <test-method is-config="true" signature="closeApplication()[pri:0, instance:testObjects.SubmitOrderTest@239a307b]" started-at="2024-02-26T08:52:28 IST" name="closeApplication" finished-at="2024-02-26T08:52:28 IST" duration-ms="132" status="PASS">
          <reporter-output>
          </reporter-output>
        </test-method> <!-- closeApplication -->
        <test-method is-config="true" signature="launchApplication()[pri:0, instance:testObjects.SubmitOrderTest@239a307b]" started-at="2024-02-26T08:52:28 IST" name="launchApplication" finished-at="2024-02-26T08:52:31 IST" duration-ms="2910" status="PASS">
          <reporter-output>
          </reporter-output>
        </test-method> <!-- launchApplication -->
        <test-method signature="orderHistoryValidation(java.util.HashMap)[pri:0, instance:testObjects.SubmitOrderTest@239a307b]" started-at="2024-02-26T08:52:31 IST" name="orderHistoryValidation" data-provider="getData" finished-at="2024-02-26T08:52:32 IST" depends-on-methods="testObjects.SubmitOrderTest.submitOrder" duration-ms="606" status="PASS">
          <params>
            <param index="0">
              <value>
                <![CDATA[{userId=anshika@gmail.com, password=Iamking@000, productName=ZARA COAT 3}]]>
              </value>
            </param>
          </params>
          <reporter-output>
          </reporter-output>
        </test-method> <!-- orderHistoryValidation -->
        <test-method is-config="true" signature="closeApplication()[pri:0, instance:testObjects.SubmitOrderTest@239a307b]" started-at="2024-02-26T08:52:32 IST" name="closeApplication" finished-at="2024-02-26T08:52:32 IST" duration-ms="108" status="PASS">
          <reporter-output>
          </reporter-output>
        </test-method> <!-- closeApplication -->
        <test-method is-config="true" signature="launchApplication()[pri:0, instance:testObjects.SubmitOrderTest@239a307b]" started-at="2024-02-26T08:52:32 IST" name="launchApplication" finished-at="2024-02-26T08:52:34 IST" duration-ms="1838" status="PASS">
          <reporter-output>
          </reporter-output>
        </test-method> <!-- launchApplication -->
        <test-method signature="orderHistoryValidation(java.util.HashMap)[pri:0, instance:testObjects.SubmitOrderTest@239a307b]" started-at="2024-02-26T08:52:34 IST" name="orderHistoryValidation" data-provider="getData" finished-at="2024-02-26T08:52:34 IST" depends-on-methods="testObjects.SubmitOrderTest.submitOrder" duration-ms="634" status="PASS">
          <params>
            <param index="0">
              <value>
                <![CDATA[{userId=satishraja@gmail.com, password=Raja1234, productName=ADIDAS ORIGINAL}]]>
              </value>
            </param>
          </params>
          <reporter-output>
          </reporter-output>
        </test-method> <!-- orderHistoryValidation -->
        <test-method is-config="true" signature="closeApplication()[pri:0, instance:testObjects.SubmitOrderTest@239a307b]" started-at="2024-02-26T08:52:34 IST" name="closeApplication" finished-at="2024-02-26T08:52:35 IST" duration-ms="103" status="PASS">
          <reporter-output>
          </reporter-output>
        </test-method> <!-- closeApplication -->
        <test-method is-config="true" signature="launchApplication()[pri:0, instance:testObjects.SubmitOrderTest@239a307b]" started-at="2024-02-26T08:52:35 IST" name="launchApplication" finished-at="2024-02-26T08:52:36 IST" duration-ms="1839" status="PASS">
          <reporter-output>
          </reporter-output>
        </test-method> <!-- launchApplication -->
        <test-method signature="orderHistoryValidation(java.util.HashMap)[pri:0, instance:testObjects.SubmitOrderTest@239a307b]" started-at="2024-02-26T08:52:36 IST" name="orderHistoryValidation" data-provider="getData" finished-at="2024-02-26T08:52:37 IST" depends-on-methods="testObjects.SubmitOrderTest.submitOrder" duration-ms="590" status="PASS">
          <params>
            <param index="0">
              <value>
                <![CDATA[{userId=chittyraja@gmail.com, password=Test1234, productName=IPHONE 13 PRO}]]>
              </value>
            </param>
          </params>
          <reporter-output>
          </reporter-output>
        </test-method> <!-- orderHistoryValidation -->
        <test-method is-config="true" signature="closeApplication()[pri:0, instance:testObjects.SubmitOrderTest@239a307b]" started-at="2024-02-26T08:52:37 IST" name="closeApplication" finished-at="2024-02-26T08:52:37 IST" duration-ms="118" status="PASS">
          <reporter-output>
          </reporter-output>
        </test-method> <!-- closeApplication -->
      </class> <!-- testObjects.SubmitOrderTest -->
    </test> <!-- Submit Order Test -->
  </suite> <!-- Suite -->
</testng-results>
