<?xml version="1.0" encoding="UTF-8"?>
<testng-results ignored="0" total="1" passed="1" failed="0" skipped="0">
  <reporter-output>
  </reporter-output>
  <suite started-at="2024-02-21T14:59:28 IST" name="Suite" finished-at="2024-02-21T14:59:32 IST" duration-ms="3568">
    <groups>
    </groups>
    <test started-at="2024-02-21T14:59:28 IST" name="Login Error Message Test" finished-at="2024-02-21T14:59:32 IST" duration-ms="3568">
      <class name="testObjects.LoginErrorValidationTest">
        <test-method is-config="true" signature="launchApplication()[pri:0, instance:testObjects.LoginErrorValidationTest@2ab4bc72]" started-at="2024-02-21T14:59:28 IST" name="launchApplication" finished-at="2024-02-21T14:59:32 IST" duration-ms="3174" status="PASS">
          <reporter-output>
          </reporter-output>
        </test-method> <!-- launchApplication -->
        <test-method signature="loginErrorValidation()[pri:0, instance:testObjects.LoginErrorValidationTest@2ab4bc72]" started-at="2024-02-21T14:59:32 IST" name="loginErrorValidation" finished-at="2024-02-21T14:59:32 IST" duration-ms="293" status="PASS">
          <reporter-output>
          </reporter-output>
        </test-method> <!-- loginErrorValidation -->
        <test-method is-config="true" signature="closeApplication()[pri:0, instance:testObjects.LoginErrorValidationTest@2ab4bc72]" started-at="2024-02-21T14:59:32 IST" name="closeApplication" finished-at="2024-02-21T14:59:32 IST" duration-ms="74" status="PASS">
          <reporter-output>
          </reporter-output>
        </test-method> <!-- closeApplication -->
      </class> <!-- testObjects.LoginErrorValidationTest -->
    </test> <!-- Login Error Message Test -->
  </suite> <!-- Suite -->
</testng-results>
