<?xml version="1.0" encoding="UTF-8"?>
<testng-results ignored="0" total="7" passed="7" failed="0" skipped="0">
  <reporter-output>
  </reporter-output>
  <suite started-at="2024-02-21T22:31:57 IST" name="Suite" finished-at="2024-02-21T22:32:25 IST" duration-ms="28666">
    <groups>
    </groups>
    <test started-at="2024-02-21T22:31:57 IST" name="Test" finished-at="2024-02-21T22:32:25 IST" duration-ms="28666">
      <class name="testObjects.LoginErrorValidationTest">
        <test-method is-config="true" signature="launchApplication()[pri:0, instance:testObjects.LoginErrorValidationTest@503f91c3]" started-at="2024-02-21T22:31:57 IST" name="launchApplication" finished-at="2024-02-21T22:31:59 IST" duration-ms="2761" status="PASS">
          <reporter-output>
          </reporter-output>
        </test-method> <!-- launchApplication -->
        <test-method signature="loginErrorValidation()[pri:0, instance:testObjects.LoginErrorValidationTest@503f91c3]" started-at="2024-02-21T22:31:59 IST" name="loginErrorValidation" finished-at="2024-02-21T22:32:00 IST" duration-ms="287" status="PASS">
          <reporter-output>
          </reporter-output>
        </test-method> <!-- loginErrorValidation -->
        <test-method is-config="true" signature="closeApplication()[pri:0, instance:testObjects.LoginErrorValidationTest@503f91c3]" started-at="2024-02-21T22:32:00 IST" name="closeApplication" finished-at="2024-02-21T22:32:00 IST" duration-ms="93" status="PASS">
          <reporter-output>
          </reporter-output>
        </test-method> <!-- closeApplication -->
      </class> <!-- testObjects.LoginErrorValidationTest -->
      <class name="testObjects.SubmitOrderTest">
        <test-method is-config="true" signature="launchApplication()[pri:0, instance:testObjects.SubmitOrderTest@78fa769e]" started-at="2024-02-21T22:32:00 IST" name="launchApplication" finished-at="2024-02-21T22:32:02 IST" duration-ms="1804" status="PASS">
          <reporter-output>
          </reporter-output>
        </test-method> <!-- launchApplication -->
        <test-method signature="submitOrder(java.util.HashMap)[pri:0, instance:testObjects.SubmitOrderTest@78fa769e]" started-at="2024-02-21T22:32:02 IST" name="submitOrder" data-provider="getData" finished-at="2024-02-21T22:32:06 IST" duration-ms="4120" status="PASS">
          <params>
            <param index="0">
              <value>
                <![CDATA[{userId=anshika@gmail.com, password=Iamking@000, productName=ZARA COAT 3}]]>
              </value>
            </param>
          </params>
          <reporter-output>
          </reporter-output>
        </test-method> <!-- submitOrder -->
        <test-method is-config="true" signature="closeApplication()[pri:0, instance:testObjects.SubmitOrderTest@78fa769e]" started-at="2024-02-21T22:32:06 IST" name="closeApplication" finished-at="2024-02-21T22:32:06 IST" duration-ms="102" status="PASS">
          <reporter-output>
          </reporter-output>
        </test-method> <!-- closeApplication -->
        <test-method is-config="true" signature="launchApplication()[pri:0, instance:testObjects.SubmitOrderTest@78fa769e]" started-at="2024-02-21T22:32:06 IST" name="launchApplication" finished-at="2024-02-21T22:32:08 IST" duration-ms="1808" status="PASS">
          <reporter-output>
          </reporter-output>
        </test-method> <!-- launchApplication -->
        <test-method signature="submitOrder(java.util.HashMap)[pri:0, instance:testObjects.SubmitOrderTest@78fa769e]" started-at="2024-02-21T22:32:08 IST" name="submitOrder" data-provider="getData" finished-at="2024-02-21T22:32:12 IST" duration-ms="3998" status="PASS">
          <params>
            <param index="0">
              <value>
                <![CDATA[{userId=satishraja@gmail.com, password=Raja1234, productName=ADIDAS ORIGINAL}]]>
              </value>
            </param>
          </params>
          <reporter-output>
          </reporter-output>
        </test-method> <!-- submitOrder -->
        <test-method is-config="true" signature="closeApplication()[pri:0, instance:testObjects.SubmitOrderTest@78fa769e]" started-at="2024-02-21T22:32:12 IST" name="closeApplication" finished-at="2024-02-21T22:32:12 IST" duration-ms="97" status="PASS">
          <reporter-output>
          </reporter-output>
        </test-method> <!-- closeApplication -->
        <test-method is-config="true" signature="launchApplication()[pri:0, instance:testObjects.SubmitOrderTest@78fa769e]" started-at="2024-02-21T22:32:12 IST" name="launchApplication" finished-at="2024-02-21T22:32:14 IST" duration-ms="1778" status="PASS">
          <reporter-output>
          </reporter-output>
        </test-method> <!-- launchApplication -->
        <test-method signature="submitOrder(java.util.HashMap)[pri:0, instance:testObjects.SubmitOrderTest@78fa769e]" started-at="2024-02-21T22:32:14 IST" name="submitOrder" data-provider="getData" finished-at="2024-02-21T22:32:18 IST" duration-ms="3949" status="PASS">
          <params>
            <param index="0">
              <value>
                <![CDATA[{userId=chittyraja@gmail.com, password=Test1234, productName=IPHONE 13 PRO}]]>
              </value>
            </param>
          </params>
          <reporter-output>
          </reporter-output>
        </test-method> <!-- submitOrder -->
        <test-method is-config="true" signature="closeApplication()[pri:0, instance:testObjects.SubmitOrderTest@78fa769e]" started-at="2024-02-21T22:32:18 IST" name="closeApplication" finished-at="2024-02-21T22:32:18 IST" duration-ms="114" status="PASS">
          <reporter-output>
          </reporter-output>
        </test-method> <!-- closeApplication -->
        <test-method is-config="true" signature="launchApplication()[pri:0, instance:testObjects.SubmitOrderTest@78fa769e]" started-at="2024-02-21T22:32:18 IST" name="launchApplication" finished-at="2024-02-21T22:32:20 IST" duration-ms="1858" status="PASS">
          <reporter-output>
          </reporter-output>
        </test-method> <!-- launchApplication -->
        <test-method signature="orderHistoryValidation(java.util.HashMap)[pri:0, instance:testObjects.SubmitOrderTest@78fa769e]" started-at="2024-02-21T22:32:20 IST" name="orderHistoryValidation" data-provider="getData" finished-at="2024-02-21T22:32:20 IST" depends-on-methods="testObjects.SubmitOrderTest.submitOrder" duration-ms="614" status="PASS">
          <params>
            <param index="0">
              <value>
                <![CDATA[{userId=anshika@gmail.com, password=Iamking@000, productName=ZARA COAT 3}]]>
              </value>
            </param>
          </params>
          <reporter-output>
          </reporter-output>
        </test-method> <!-- orderHistoryValidation -->
        <test-method is-config="true" signature="closeApplication()[pri:0, instance:testObjects.SubmitOrderTest@78fa769e]" started-at="2024-02-21T22:32:20 IST" name="closeApplication" finished-at="2024-02-21T22:32:20 IST" duration-ms="109" status="PASS">
          <reporter-output>
          </reporter-output>
        </test-method> <!-- closeApplication -->
        <test-method is-config="true" signature="launchApplication()[pri:0, instance:testObjects.SubmitOrderTest@78fa769e]" started-at="2024-02-21T22:32:20 IST" name="launchApplication" finished-at="2024-02-21T22:32:22 IST" duration-ms="1787" status="PASS">
          <reporter-output>
          </reporter-output>
        </test-method> <!-- launchApplication -->
        <test-method signature="orderHistoryValidation(java.util.HashMap)[pri:0, instance:testObjects.SubmitOrderTest@78fa769e]" started-at="2024-02-21T22:32:22 IST" name="orderHistoryValidation" data-provider="getData" finished-at="2024-02-21T22:32:23 IST" depends-on-methods="testObjects.SubmitOrderTest.submitOrder" duration-ms="580" status="PASS">
          <params>
            <param index="0">
              <value>
                <![CDATA[{userId=satishraja@gmail.com, password=Raja1234, productName=ADIDAS ORIGINAL}]]>
              </value>
            </param>
          </params>
          <reporter-output>
          </reporter-output>
        </test-method> <!-- orderHistoryValidation -->
        <test-method is-config="true" signature="closeApplication()[pri:0, instance:testObjects.SubmitOrderTest@78fa769e]" started-at="2024-02-21T22:32:23 IST" name="closeApplication" finished-at="2024-02-21T22:32:23 IST" duration-ms="97" status="PASS">
          <reporter-output>
          </reporter-output>
        </test-method> <!-- closeApplication -->
        <test-method is-config="true" signature="launchApplication()[pri:0, instance:testObjects.SubmitOrderTest@78fa769e]" started-at="2024-02-21T22:32:23 IST" name="launchApplication" finished-at="2024-02-21T22:32:25 IST" duration-ms="1802" status="PASS">
          <reporter-output>
          </reporter-output>
        </test-method> <!-- launchApplication -->
        <test-method signature="orderHistoryValidation(java.util.HashMap)[pri:0, instance:testObjects.SubmitOrderTest@78fa769e]" started-at="2024-02-21T22:32:25 IST" name="orderHistoryValidation" data-provider="getData" finished-at="2024-02-21T22:32:25 IST" depends-on-methods="testObjects.SubmitOrderTest.submitOrder" duration-ms="631" status="PASS">
          <params>
            <param index="0">
              <value>
                <![CDATA[{userId=chittyraja@gmail.com, password=Test1234, productName=IPHONE 13 PRO}]]>
              </value>
            </param>
          </params>
          <reporter-output>
          </reporter-output>
        </test-method> <!-- orderHistoryValidation -->
        <test-method is-config="true" signature="closeApplication()[pri:0, instance:testObjects.SubmitOrderTest@78fa769e]" started-at="2024-02-21T22:32:25 IST" name="closeApplication" finished-at="2024-02-21T22:32:25 IST" duration-ms="98" status="PASS">
          <reporter-output>
          </reporter-output>
        </test-method> <!-- closeApplication -->
      </class> <!-- testObjects.SubmitOrderTest -->
    </test> <!-- Test -->
  </suite> <!-- Suite -->
</testng-results>
